date: 2013-10-19 23:08:38.105
argv: node C:\Users\Diogo\AppData\Roaming\npm\node_modules\hexo\bin\hexo server
os: Windows_NT 6.1.7601 win32 x64
version:
  hexo: 2.2.1
  http_parser: 1.0
  node: 0.10.18
  v8: 3.14.5.9
  ares: 1.9.0-DEV
  uv: 0.10.15
  zlib: 1.2.3
  modules: 11
  openssl: 1.0.1e
---

[debug] 23:08:37.685 Configuration file load successfully
[debug] 23:08:37.687 Version info checked successfully
[debug] 23:08:37.721 Plugin loaded successfully: hexo-migrator-rss
[debug] 23:08:37.721 Loading the database...
[debug] 23:08:38.087 Theme layout loaded
[debug] 23:08:38.088 Start watching theme layout...
[error] 23:08:38.100 { rawMessage: 'Unable to parse.',
  parsedLine: 22,
  snippet: '  enable: true',
  parsedFile: null,
  message: 'Theme configuration load failed',
  name: 'HexoError',
  stack: undefined }
[debug] 23:08:38.118 Theme source loaded